{
  "stats": {
    "suites": 1,
    "tests": 10,
    "passes": 9,
    "pending": 2,
    "failures": -1,
    "start": "2026-09-03T19:56:23.976Z",
    "end": "2026-09-03T19:56:41.713Z",
    "duration": 17737,
    "testsRegistered": 11,
    "passPercent": 100,
    "pendingPercent": 18.181818181818183,
    "other": 1,
    "hasOther": true,
    "skipped": 0,
    "hasSkipped": false
  },
  "results": [
    {
      "uuid": "f78dc771-d38c-4d42-a8e4-9c250d7dc113",
      "title": "",
      "fullFile": "cypress\\e2e\\Autenticacion.cy.js",
      "file": "cypress\\e2e\\Autenticacion.cy.js",
      "beforeHooks": [],
      "afterHooks": [],
      "tests": [],
      "suites": [
        {
          "uuid": "3a79adfc-6166-4c42-87e8-2fb691109e2c",
          "title": "Autenticacion y Gestion de cuentas",
          "fullFile": "",
          "file": "",
          "beforeHooks": [],
          "afterHooks": [],
          "tests": [
            {
              "title": "Registro exitoso de cliente",
              "fullTitle": "Autenticacion y Gestion de cuentas Registro exitoso de cliente",
              "timedOut": null,
              "duration": 5122,
              "state": "passed",
              "speed": "medium",
              "pass": true,
              "fail": false,
              "pending": false,
              "context": null,
              "code": "cy.get('.buttonRegistrarUS').click();\ncy.get('[name=\"nombre\"]').type('Test');\ncy.get('[name=\"apellido\"]').type('Cliente');\ncy.get('.col-md-8 > .text-start > [name=\"numero\"]').type('1432567451');\ncy.get('[name=\"calle\"]').type('Carrera');\ncy.get('.col-md-4 > .text-start > [name=\"numero\"]').type('30');\ncy.get('[name=\"ciudad\"]').type('Bogotá');\ncy.get('[name=\"codigoPostal\"]').type('110111');\ncy.get('[name=\"pais\"]').type('Colombia');\ncy.get('[name=\"correo\"]').type('juancardenas083@gmail.com');\ncy.get('[name=\"telefono\"]').type('3145678901');\ncy.get('[name=\"password\"]').type('123456');\ncy.get('[name=\"passwordConfirm\"]').type('123456');\ncy.get('.buttonNaranjaDegrade').click();\n// Redirigido a la vista de activación\ncy.url().should('include', '/verificartoken');\ncy.get('#formRecuperacionToken').type('142114');\ncy.get('form > .btn').click();\ncy.screenshot('Evidencia Registro exitoso de cliente');",
              "err": {},
              "uuid": "ab47f8b3-5a1c-4d05-912b-0eb7c6eb891d",
              "parentUUID": "3a79adfc-6166-4c42-87e8-2fb691109e2c",
              "isHook": false,
              "skipped": false
            },
            {
              "title": "Registro con correo ya registrado",
              "fullTitle": "Autenticacion y Gestion de cuentas Registro con correo ya registrado",
              "timedOut": null,
              "duration": 2939,
              "state": "passed",
              "speed": "fast",
              "pass": true,
              "fail": false,
              "pending": false,
              "context": null,
              "code": "cy.get('.buttonRegistrarUS').click();\ncy.get('[name=\"nombre\"]').type('Test');\ncy.get('[name=\"apellido\"]').type('Cliente');\ncy.get('.col-md-8 > .text-start > [name=\"numero\"]').type('1432567451');\ncy.get('[name=\"calle\"]').type('Carrera');\ncy.get('.col-md-4 > .text-start > [name=\"numero\"]').type('30');\ncy.get('[name=\"ciudad\"]').type('Bogotá');\ncy.get('[name=\"codigoPostal\"]').type('110111');\ncy.get('[name=\"pais\"]').type('Colombia');\ncy.get('[name=\"correo\"]').type('juancardenas083@gmail.com');\ncy.get('[name=\"telefono\"]').type('3145678901');\ncy.get('[name=\"password\"]').type('123456');\ncy.get('[name=\"passwordConfirm\"]').type('123456');\ncy.get('.buttonNaranjaDegrade').click();\ncy.screenshot('Evidencia Registro con correo ya registrado');",
              "err": {},
              "uuid": "b30a21fd-cbdc-494f-8713-3cc2b76a2a04",
              "parentUUID": "3a79adfc-6166-4c42-87e8-2fb691109e2c",
              "isHook": false,
              "skipped": false
            },
            {
              "title": "Registro con campos obligatorios vacios",
              "fullTitle": "Autenticacion y Gestion de cuentas Registro con campos obligatorios vacios",
              "timedOut": null,
              "duration": 2431,
              "state": "passed",
              "speed": "fast",
              "pass": true,
              "fail": false,
              "pending": false,
              "context": null,
              "code": "cy.get('.buttonRegistrarUS').click();\ncy.get('[name=\"nombre\"]').type('Test');\ncy.get('.col-md-8 > .text-start > [name=\"numero\"]').type('1432567451');\ncy.get('[name=\"calle\"]').type('Carrera');\ncy.get('.col-md-4 > .text-start > [name=\"numero\"]').type('30');\ncy.get('[name=\"ciudad\"]').type('Bogotá');\ncy.get('[name=\"pais\"]').type('Colombia');\ncy.get('[name=\"correo\"]').type('juancardenas083@gmail.com');\ncy.get('[name=\"telefono\"]').type('3145678901');\ncy.get('[name=\"password\"]').type('123456');\ncy.get('.buttonNaranjaDegrade').click();\ncy.screenshot('Evidencia Registro con campos obligatorios vacios');",
              "err": {},
              "uuid": "231d7e6f-dfde-43d8-abbd-7b0099c65aaa",
              "parentUUID": "3a79adfc-6166-4c42-87e8-2fb691109e2c",
              "isHook": false,
              "skipped": false
            },
            {
              "title": "Inicio de sesion con credenciales invalidas",
              "fullTitle": "Autenticacion y Gestion de cuentas Inicio de sesion con credenciales invalidas",
              "timedOut": null,
              "duration": 976,
              "state": "passed",
              "speed": "fast",
              "pass": true,
              "fail": false,
              "pending": false,
              "context": null,
              "code": "cy.get('.header-buttons > .buttonNaranjaDegrade').click();\ncy.get('#formBasicEmail').type('juancardenas@gmail.com');\ncy.get('#formBasicPassword').type('123');\ncy.get('.buttonNaranjaDegrade').click();\ncy.screenshot('Evidencia Inicio de sesion con credenciales invalidas');",
              "err": {},
              "uuid": "732efd15-38ec-4eb9-a774-57439884cec0",
              "parentUUID": "3a79adfc-6166-4c42-87e8-2fb691109e2c",
              "isHook": false,
              "skipped": false
            },
            {
              "title": "Inicio de sesion con contraseña incorrecta",
              "fullTitle": "Autenticacion y Gestion de cuentas Inicio de sesion con contraseña incorrecta",
              "timedOut": null,
              "duration": 981,
              "state": "passed",
              "speed": "fast",
              "pass": true,
              "fail": false,
              "pending": false,
              "context": null,
              "code": "cy.get('.header-buttons > .buttonNaranjaDegrade').click();\ncy.get('#formBasicEmail').type('juancardenas083@gmail.com');\ncy.get('#formBasicPassword').type('123');\ncy.get('.buttonNaranjaDegrade').click();\ncy.screenshot('Evidencia Inicio de sesion con contraseña incorrecta');",
              "err": {},
              "uuid": "1b63af6c-25af-4d41-b15c-59467edc5f48",
              "parentUUID": "3a79adfc-6166-4c42-87e8-2fb691109e2c",
              "isHook": false,
              "skipped": false
            },
            {
              "title": "Inicio de sesion con usuario inexistente",
              "fullTitle": "Autenticacion y Gestion de cuentas Inicio de sesion con usuario inexistente",
              "timedOut": null,
              "duration": 1091,
              "state": "passed",
              "speed": "fast",
              "pass": true,
              "fail": false,
              "pending": false,
              "context": null,
              "code": "cy.get('.header-buttons > .buttonNaranjaDegrade').click();\ncy.get('#formBasicEmail').type('juancardenas@gmail.com');\ncy.get('#formBasicPassword').type('123456');\ncy.get('.buttonNaranjaDegrade').click();\ncy.screenshot('Evidencia Inicio de sesion con usuario inexistente');",
              "err": {},
              "uuid": "03977f4c-a376-484f-b619-1e2df0bbea40",
              "parentUUID": "3a79adfc-6166-4c42-87e8-2fb691109e2c",
              "isHook": false,
              "skipped": false
            },
            {
              "title": "Inicio de sesion exitoso",
              "fullTitle": "Autenticacion y Gestion de cuentas Inicio de sesion exitoso",
              "timedOut": null,
              "duration": 1055,
              "state": "passed",
              "speed": "fast",
              "pass": true,
              "fail": false,
              "pending": false,
              "context": null,
              "code": "cy.get('.header-buttons > .buttonNaranjaDegrade').click();\ncy.get('#formBasicEmail').type('juancardenas083@gmail.com');\ncy.get('#formBasicPassword').type('123456');\ncy.get('.buttonNaranjaDegrade').click();\ncy.url().should('include', '/cliente/inicio');\ncy.screenshot('Evidencia Inicio de sesion exitoso');",
              "err": {},
              "uuid": "a19a9f5c-5a75-492f-adfe-82974ddbaed7",
              "parentUUID": "3a79adfc-6166-4c42-87e8-2fb691109e2c",
              "isHook": false,
              "skipped": false
            },
            {
              "title": "Cierre de sesion (Logout)",
              "fullTitle": "Autenticacion y Gestion de cuentas Cierre de sesion (Logout)",
              "timedOut": null,
              "duration": 1076,
              "state": "passed",
              "speed": "fast",
              "pass": true,
              "fail": false,
              "pending": false,
              "context": null,
              "code": "cy.get('.header-buttons > .buttonNaranjaDegrade').click();\ncy.get('#formBasicEmail').type('juancardenas083@gmail.com');\ncy.get('#formBasicPassword').type('123456');\ncy.get('.buttonNaranjaDegrade').click();\ncy.url().should('include', '/cliente/inicio');\ncy.get('.buttonBlancoFGrisNBorder').click();\ncy.get('.buttonCerrarSesion').focus();\ncy.screenshot('Evidencia Cierre de sesion (Logout)');\ncy.get('.buttonCerrarSesion').click();\ncy.url().should('include', '/');",
              "err": {},
              "uuid": "fb8561a9-aed8-479f-802d-cc8aff4dedc6",
              "parentUUID": "3a79adfc-6166-4c42-87e8-2fb691109e2c",
              "isHook": false,
              "skipped": false
            },
            {
              "title": "Recuperar contraseña",
              "fullTitle": "Autenticacion y Gestion de cuentas Recuperar contraseña",
              "timedOut": null,
              "duration": 0,
              "state": "pending",
              "speed": null,
              "pass": false,
              "fail": false,
              "pending": true,
              "context": null,
              "code": "cy.get('.header-buttons > .buttonNaranjaDegrade').click();\ncy.get('.linkFormRecuperar').click();\n//cy.screenshot('Evidencia Recuperar contraseña');",
              "err": {},
              "uuid": "9c5aecf5-d50b-4c1f-a667-d3dc9dbfa9c5",
              "parentUUID": "3a79adfc-6166-4c42-87e8-2fb691109e2c",
              "isHook": false,
              "skipped": false
            },
            {
              "title": "Vaidar formato de correo electronico",
              "fullTitle": "Autenticacion y Gestion de cuentas Vaidar formato de correo electronico",
              "timedOut": null,
              "duration": 1058,
              "state": "passed",
              "speed": "fast",
              "pass": true,
              "fail": false,
              "pending": false,
              "context": null,
              "code": "cy.get('.header-buttons > .buttonNaranjaDegrade').click();\ncy.get('#formBasicEmail').type('juancardenas083mail.com');\ncy.get('#formBasicPassword').type('123');\ncy.get('.buttonNaranjaDegrade').click();\ncy.screenshot('Evidencia Vaidar formato de correo electronico');",
              "err": {},
              "uuid": "2d406974-5f02-4982-b8b0-fe2b85a9e194",
              "parentUUID": "3a79adfc-6166-4c42-87e8-2fb691109e2c",
              "isHook": false,
              "skipped": false
            },
            {
              "title": "Validar longitud minima de contraseña",
              "fullTitle": "Autenticacion y Gestion de cuentas Validar longitud minima de contraseña",
              "timedOut": null,
              "duration": 0,
              "state": "pending",
              "speed": null,
              "pass": false,
              "fail": false,
              "pending": true,
              "context": null,
              "code": "//cy.screenshot('Evidencia Validar longitud minima de contraseña');",
              "err": {},
              "uuid": "f1a0b854-9f41-4edc-8f28-e694e5d1bacf",
              "parentUUID": "3a79adfc-6166-4c42-87e8-2fb691109e2c",
              "isHook": false,
              "skipped": false
            }
          ],
          "suites": [],
          "passes": [
            "ab47f8b3-5a1c-4d05-912b-0eb7c6eb891d",
            "b30a21fd-cbdc-494f-8713-3cc2b76a2a04",
            "231d7e6f-dfde-43d8-abbd-7b0099c65aaa",
            "732efd15-38ec-4eb9-a774-57439884cec0",
            "1b63af6c-25af-4d41-b15c-59467edc5f48",
            "03977f4c-a376-484f-b619-1e2df0bbea40",
            "a19a9f5c-5a75-492f-adfe-82974ddbaed7",
            "fb8561a9-aed8-479f-802d-cc8aff4dedc6",
            "2d406974-5f02-4982-b8b0-fe2b85a9e194"
          ],
          "failures": [],
          "pending": [
            "9c5aecf5-d50b-4c1f-a667-d3dc9dbfa9c5",
            "f1a0b854-9f41-4edc-8f28-e694e5d1bacf"
          ],
          "skipped": [],
          "duration": 16729,
          "root": false,
          "rootEmpty": false,
          "_timeout": 2000
        }
      ],
      "passes": [],
      "failures": [],
      "pending": [],
      "skipped": [],
      "duration": 0,
      "root": true,
      "rootEmpty": true,
      "_timeout": 2000
    }
  ],
  "meta": {
    "mocha": {
      "version": "7.2.0"
    },
    "mochawesome": {
      "options": {
        "quiet": false,
        "reportFilename": "mochawesome",
        "saveHtml": true,
        "saveJson": true,
        "consoleReporter": "spec",
        "useInlineDiffs": false,
        "code": true
      },
      "version": "8.0.1"
    },
    "marge": {
      "options": {
        "reportDir": "cypress/results",
        "overwrite": false,
        "html": true,
        "json": true
      },
      "version": "6.3.2"
    }
  }
}