{
  "stats": {
    "suites": 1,
    "tests": 7,
    "passes": 5,
    "pending": 5,
    "failures": -3,
    "start": "2026-09-04T00:38:17.054Z",
    "end": "2026-09-04T00:38:56.309Z",
    "duration": 39255,
    "testsRegistered": 12,
    "passPercent": 71.42857142857143,
    "pendingPercent": 41.66666666666667,
    "other": 5,
    "hasOther": true,
    "skipped": 0,
    "hasSkipped": false
  },
  "results": [
    {
      "uuid": "310ffbb5-f25e-48fe-924b-2d680d3d2508",
      "title": "",
      "fullFile": "cypress\\e2e\\Gestion de Reservas.cy.js",
      "file": "cypress\\e2e\\Gestion de Reservas.cy.js",
      "beforeHooks": [],
      "afterHooks": [],
      "tests": [],
      "suites": [
        {
          "uuid": "e93c4ea3-fc74-4788-b277-ecccd4dfb1e0",
          "title": "Administracion de Reservas",
          "fullFile": "",
          "file": "",
          "beforeHooks": [],
          "afterHooks": [],
          "tests": [
            {
              "title": "Crear una Reserva correctamente",
              "fullTitle": "Administracion de Reservas Crear una Reserva correctamente",
              "timedOut": null,
              "duration": 7038,
              "state": "passed",
              "speed": "medium",
              "pass": true,
              "fail": false,
              "pending": false,
              "context": null,
              "code": "cy.get('#root button.btn-sm.buttonNaranjaDegrade').click();\ncy.get('#formBasicEmail').click();\ncy.get('#formBasicEmail').type('cliente@gmail.com');\ncy.get('#formBasicPassword').type('123456');\ncy.get('#root button.buttonNaranjaDegrade').click();\ncy.url().should('include', '/cliente/inicio');\ncy.get('#root img.card-img-top').click();\ncy.get('#Fecha_Reserva').type('2026-09-04');\ncy.get('#Hora_Reserva').type('01:00');\ncy.get('div.border small.text-muted').click();\ncy.get('#Solicitudes_Especiales').type('Sin mani');\ncy.get('#Nombre_Cliente').type('Cliente');\ncy.get('#Telefono_Cliente').type('43323433');\ncy.get('button.size-letra-propio').click();\ncy.get('div.modal-footer button.buttonNaranjaDegrade').click();\ncy.screenshot('Evidencia Crear una Reserva correctamente');",
              "err": {},
              "uuid": "aae0d89b-c01c-4359-921d-b649760677da",
              "parentUUID": "e93c4ea3-fc74-4788-b277-ecccd4dfb1e0",
              "isHook": false,
              "skipped": false
            },
            {
              "title": "Crear una Reserva con campos obligatorios vacios",
              "fullTitle": "Administracion de Reservas Crear una Reserva con campos obligatorios vacios",
              "timedOut": null,
              "duration": 3524,
              "state": "passed",
              "speed": "fast",
              "pass": true,
              "fail": false,
              "pending": false,
              "context": null,
              "code": "cy.get('#root button.btn-sm.buttonNaranjaDegrade').click();\ncy.get('#formBasicEmail').click();\ncy.get('#formBasicEmail').type('cliente@gmail.com');\ncy.get('#formBasicPassword').type('123456');\ncy.get('#root button.buttonNaranjaDegrade').click();\ncy.url().should('include', '/cliente/inicio');\ncy.get('#root img.card-img-top').click();\ncy.get('#Fecha_Reserva').type('2026-09-04');\ncy.get('div.border small.text-muted').click();\ncy.get('#Solicitudes_Especiales').type('Sin mani');\ncy.get('#Telefono_Cliente').type('43323433');\ncy.get('div.modal-footer button.buttonNaranjaDegrade').click();\ncy.screenshot('Evidencia Crear una Reserva con campos obligatorios vacios');",
              "err": {},
              "uuid": "c565f681-401b-4afb-a113-82c5403b5c87",
              "parentUUID": "e93c4ea3-fc74-4788-b277-ecccd4dfb1e0",
              "isHook": false,
              "skipped": false
            },
            {
              "title": "Crear una Reserva para una mesa no disponible",
              "fullTitle": "Administracion de Reservas Crear una Reserva para una mesa no disponible",
              "timedOut": null,
              "duration": 4155,
              "state": "passed",
              "speed": "fast",
              "pass": true,
              "fail": false,
              "pending": false,
              "context": null,
              "code": "cy.get('#root button.btn-sm.buttonNaranjaDegrade').click();\ncy.get('#formBasicEmail').click();\ncy.get('#formBasicEmail').type('cliente@gmail.com');\ncy.get('#formBasicPassword').type('123456');\ncy.get('#root button.buttonNaranjaDegrade').click();\ncy.url().should('include', '/cliente/inicio');\ncy.get('#root img.card-img-top').click();\ncy.get('#Fecha_Reserva').type('2026-09-04');\ncy.get('#Hora_Reserva').type('01:00');\ncy.get('#Solicitudes_Especiales').type('Sin mani');\ncy.get('#Nombre_Cliente').type('Cliente');\ncy.get('#Telefono_Cliente').type('43323433');\ncy.get('button.size-letra-propio').click();\ncy.get('div.modal-footer button.buttonNaranjaDegrade').click();\ncy.screenshot('Evidencia Crear una Reserva para una mesa no disponible');",
              "err": {},
              "uuid": "7b15f3a4-1ab3-4c53-83a6-db2f0a92169b",
              "parentUUID": "e93c4ea3-fc74-4788-b277-ecccd4dfb1e0",
              "isHook": false,
              "skipped": false
            },
            {
              "title": "Consultar mis reservas",
              "fullTitle": "Administracion de Reservas Consultar mis reservas",
              "timedOut": null,
              "duration": 2875,
              "state": "passed",
              "speed": "fast",
              "pass": true,
              "fail": false,
              "pending": false,
              "context": null,
              "code": "cy.get('#root button.btn-sm.buttonNaranjaDegrade').click();\ncy.get('#formBasicEmail').click();\ncy.get('#formBasicEmail').type('cliente@gmail.com');\ncy.get('#formBasicPassword').type('123456');\ncy.get('#root button.buttonNaranjaDegrade').click();\ncy.url().should('include', '/cliente/inicio');\ncy.get('#root button.btn-sm svg').click();\ncy.get('#root a[href=\"/cliente/reservas\"] span').click();\ncy.screenshot('Evidencia Consultar mis reservas');",
              "err": {},
              "uuid": "848dbcd0-74b6-4d92-81da-3ced5a55c414",
              "parentUUID": "e93c4ea3-fc74-4788-b277-ecccd4dfb1e0",
              "isHook": false,
              "skipped": false
            },
            {
              "title": "Consultar el detalle de una reserva",
              "fullTitle": "Administracion de Reservas Consultar el detalle de una reserva",
              "timedOut": null,
              "duration": 0,
              "state": "pending",
              "speed": null,
              "pass": false,
              "fail": false,
              "pending": true,
              "context": null,
              "code": "//cy.screenshot('Evidencia Consultar el detalle de una reserva');",
              "err": {},
              "uuid": "08334ba1-590a-42d1-8172-9652f20c3d87",
              "parentUUID": "e93c4ea3-fc74-4788-b277-ecccd4dfb1e0",
              "isHook": false,
              "skipped": false
            },
            {
              "title": "Modificar una reserva",
              "fullTitle": "Administracion de Reservas Modificar una reserva",
              "timedOut": null,
              "duration": 0,
              "state": "pending",
              "speed": null,
              "pass": false,
              "fail": false,
              "pending": true,
              "context": null,
              "code": "//cy.screenshot('Evidencia Modificar una reserva');",
              "err": {},
              "uuid": "c3b324e2-de12-4c18-80b4-4b1f0de6c902",
              "parentUUID": "e93c4ea3-fc74-4788-b277-ecccd4dfb1e0",
              "isHook": false,
              "skipped": false
            },
            {
              "title": "Cancelar una reserva",
              "fullTitle": "Administracion de Reservas Cancelar una reserva",
              "timedOut": null,
              "duration": 0,
              "state": "pending",
              "speed": null,
              "pass": false,
              "fail": false,
              "pending": true,
              "context": null,
              "code": "//cy.screenshot('Evidencia Cancelar una reserva');",
              "err": {},
              "uuid": "3f6fa65f-e61c-4c8b-b4aa-4d789c0ce52a",
              "parentUUID": "e93c4ea3-fc74-4788-b277-ecccd4dfb1e0",
              "isHook": false,
              "skipped": false
            },
            {
              "title": "Intentar cancelar una reserva ya cancelada",
              "fullTitle": "Administracion de Reservas Intentar cancelar una reserva ya cancelada",
              "timedOut": null,
              "duration": 0,
              "state": "pending",
              "speed": null,
              "pass": false,
              "fail": false,
              "pending": true,
              "context": null,
              "code": "//cy.screenshot('Evidencia Intentar cancelar una reserva ya cancela');",
              "err": {},
              "uuid": "d015f6c6-11fc-4404-a06e-72ba003de06e",
              "parentUUID": "e93c4ea3-fc74-4788-b277-ecccd4dfb1e0",
              "isHook": false,
              "skipped": false
            },
            {
              "title": "Crear una reserva con una fecha pasada",
              "fullTitle": "Administracion de Reservas Crear una reserva con una fecha pasada",
              "timedOut": null,
              "duration": 7981,
              "state": "failed",
              "speed": null,
              "pass": false,
              "fail": true,
              "pending": false,
              "context": null,
              "code": "cy.get('#root button.btn-sm.buttonNaranjaDegrade').click();\ncy.get('#formBasicEmail').click();\ncy.get('#formBasicEmail').type('cliente@gmail.com');\ncy.get('#formBasicPassword').type('123456');\ncy.get('#root button.buttonNaranjaDegrade').click();\ncy.url().should('include', '/cliente/inicio');\ncy.get('#root img.card-img-top').click();\ncy.get('#Fecha_Reserva').type('2026-08-01');\ncy.get('#Hora_Reserva').type('01:00');\ncy.get('div.border small.text-muted').click();\ncy.get('#Solicitudes_Especiales').type('Sin mani');\ncy.get('#Nombre_Cliente').type('Cliente');\ncy.get('#Telefono_Cliente').type('43323433');\ncy.get('button.size-letra-propio').click();\ncy.get('div.modal-footer button.buttonNaranjaDegrade').click();\ncy.wait(500);\ncy.get('.modal').should('be.visible');\ncy.screenshot('Evidencia Crear una reserva con una fecha pasada');",
              "err": {
                "message": "AssertionError: Timed out retrying after 4000ms: Expected to find element: `.modal`, but never found it.",
                "estack": "AssertionError: Timed out retrying after 4000ms: Expected to find element: `.modal`, but never found it.\n    at Context.eval (webpack://estructura-project/./cypress/e2e/Gestion de Reservas.cy.js:116:25)",
                "diff": null
              },
              "uuid": "e300ad90-be46-400c-8604-1ef610bd3b1b",
              "parentUUID": "e93c4ea3-fc74-4788-b277-ecccd4dfb1e0",
              "isHook": false,
              "skipped": false
            },
            {
              "title": "Crear una reserva con una hora invalida",
              "fullTitle": "Administracion de Reservas Crear una reserva con una hora invalida",
              "timedOut": null,
              "duration": 7888,
              "state": "failed",
              "speed": null,
              "pass": false,
              "fail": true,
              "pending": false,
              "context": null,
              "code": "cy.get('#root button.btn-sm.buttonNaranjaDegrade').click();\ncy.get('#formBasicEmail').click();\ncy.get('#formBasicEmail').type('cliente@gmail.com');\ncy.get('#formBasicPassword').type('123456');\ncy.get('#root button.buttonNaranjaDegrade').click();\ncy.url().should('include', '/cliente/inicio');\ncy.get('#root img.card-img-top').click();\ncy.get('#Fecha_Reserva').type('2026-09-04');\ncy.get('#Hora_Reserva').type('00:00');\ncy.get('div.border small.text-muted').click();\ncy.get('#Solicitudes_Especiales').type('Sin mani');\ncy.get('#Nombre_Cliente').type('Cliente');\ncy.get('#Telefono_Cliente').type('43323433');\ncy.get('button.size-letra-propio').click();\ncy.get('div.modal-footer button.buttonNaranjaDegrade').click();\ncy.wait(500);\ncy.get('.modal').should('be.visible');\ncy.screenshot('Evidencia Crear una reserva con una hora invalida');",
              "err": {
                "message": "AssertionError: Timed out retrying after 4000ms: Expected to find element: `.modal`, but never found it.",
                "estack": "AssertionError: Timed out retrying after 4000ms: Expected to find element: `.modal`, but never found it.\n    at Context.eval (webpack://estructura-project/./cypress/e2e/Gestion de Reservas.cy.js:139:25)",
                "diff": null
              },
              "uuid": "6b799c0b-cbeb-4716-bb92-b22bd9a7a441",
              "parentUUID": "e93c4ea3-fc74-4788-b277-ecccd4dfb1e0",
              "isHook": false,
              "skipped": false
            },
            {
              "title": "Validar la actualizacion de disponibilidad de mesas despues de una reserva",
              "fullTitle": "Administracion de Reservas Validar la actualizacion de disponibilidad de mesas despues de una reserva",
              "timedOut": null,
              "duration": 0,
              "state": "pending",
              "speed": null,
              "pass": false,
              "fail": false,
              "pending": true,
              "context": null,
              "code": "//cy.screenshot('Evidencia Validar la actualizacion de disponibilidad de mesas despues de una reserva');",
              "err": {},
              "uuid": "f3475343-16c9-49be-a2ad-c9a6f91e39af",
              "parentUUID": "e93c4ea3-fc74-4788-b277-ecccd4dfb1e0",
              "isHook": false,
              "skipped": false
            },
            {
              "title": "Consultar el historial de reservas",
              "fullTitle": "Administracion de Reservas Consultar el historial de reservas",
              "timedOut": null,
              "duration": 2519,
              "state": "passed",
              "speed": "fast",
              "pass": true,
              "fail": false,
              "pending": false,
              "context": null,
              "code": "cy.get('#root button.btn-sm.buttonNaranjaDegrade').click();\ncy.get('#formBasicEmail').click();\ncy.get('#formBasicEmail').type('cliente@gmail.com');\ncy.get('#formBasicPassword').type('123456');\ncy.get('#root button.buttonNaranjaDegrade').click();\ncy.url().should('include', '/cliente/inicio');\ncy.get('#root button.btn-sm svg').click();\ncy.get('#root a[href=\"/cliente/reservas\"] span').click();\ncy.get('#root button[data-rr-ui-event-key=\"Pasadas\"] span').click();\ncy.screenshot('Evidencia Consultar el historial de reservas');",
              "err": {},
              "uuid": "c382c5b8-fa48-445a-a07f-205bdb89c077",
              "parentUUID": "e93c4ea3-fc74-4788-b277-ecccd4dfb1e0",
              "isHook": false,
              "skipped": false
            }
          ],
          "suites": [],
          "passes": [
            "aae0d89b-c01c-4359-921d-b649760677da",
            "c565f681-401b-4afb-a113-82c5403b5c87",
            "7b15f3a4-1ab3-4c53-83a6-db2f0a92169b",
            "848dbcd0-74b6-4d92-81da-3ced5a55c414",
            "c382c5b8-fa48-445a-a07f-205bdb89c077"
          ],
          "failures": [
            "e300ad90-be46-400c-8604-1ef610bd3b1b",
            "6b799c0b-cbeb-4716-bb92-b22bd9a7a441"
          ],
          "pending": [
            "08334ba1-590a-42d1-8172-9652f20c3d87",
            "c3b324e2-de12-4c18-80b4-4b1f0de6c902",
            "3f6fa65f-e61c-4c8b-b4aa-4d789c0ce52a",
            "d015f6c6-11fc-4404-a06e-72ba003de06e",
            "f3475343-16c9-49be-a2ad-c9a6f91e39af"
          ],
          "skipped": [],
          "duration": 35980,
          "root": false,
          "rootEmpty": false,
          "_timeout": 2000
        }
      ],
      "passes": [],
      "failures": [],
      "pending": [],
      "skipped": [],
      "duration": 0,
      "root": true,
      "rootEmpty": true,
      "_timeout": 2000
    }
  ],
  "meta": {
    "mocha": {
      "version": "7.2.0"
    },
    "mochawesome": {
      "options": {
        "quiet": false,
        "reportFilename": "mochawesome",
        "saveHtml": true,
        "saveJson": true,
        "consoleReporter": "spec",
        "useInlineDiffs": false,
        "code": true
      },
      "version": "8.0.1"
    },
    "marge": {
      "options": {
        "reportDir": "cypress/results",
        "overwrite": false,
        "html": true,
        "json": true
      },
      "version": "6.3.2"
    }
  }
}